Build started 25/10/2016 20:40:04.
     1>Project "C:\Users\Porc\Desktop\UQAC\Structure données 8INF840\TPs\TP2\Exercice2\Exercice2\Exercice2.vcxproj" on node 2 (Build target(s)).
     1>ClCompile:
         C:\Program Files (x86)\Microsoft Visual Studio 14.0\VC\bin\CL.exe /c /ZI /nologo /W3 /WX- /sdl /Od /Oy- /D WIN32 /D _DEBUG /D _CONSOLE /D _UNICODE /D UNICODE /Gm /EHsc /RTC1 /MDd /GS /fp:precise /Zc:wchar_t /Zc:forScope /Zc:inline /Fo"Debug\\" /Fd"Debug\vc140.pdb" /Gd /TP /analyze- /errorReport:prompt Lego.cpp LegoParser.cpp Node234.cpp RedBlackNode.cpp Source.cpp
         Source.cpp
     1>c:\users\porc\desktop\uqac\structure données 8inf840\tps\tp2\exercice2\exercice2\source.cpp(54): error C2059: syntax error: '<<'
     1>c:\users\porc\desktop\uqac\structure données 8inf840\tps\tp2\exercice2\exercice2\source.cpp(70): error C2059: syntax error: '=='
     1>c:\users\porc\desktop\uqac\structure données 8inf840\tps\tp2\exercice2\exercice2\source.cpp(92): error C2059: syntax error: '>>'
         RedBlackNode.cpp
         Node234.cpp
         LegoParser.cpp
         Lego.cpp
         Generating Code...
     1>Done Building Project "C:\Users\Porc\Desktop\UQAC\Structure données 8INF840\TPs\TP2\Exercice2\Exercice2\Exercice2.vcxproj" (Build target(s)) -- FAILED.

Build FAILED.

Time Elapsed 00:00:01.79
